0 info it worked if it ends with ok
1 verbose cli [ '/home/maik/.nvm/versions/node/v0.12.7/bin/node',
1 verbose cli   '/home/maik/.nvm/versions/node/v0.12.7/bin/npm',
1 verbose cli   'install' ]
2 info using npm@2.11.3
3 info using node@v0.12.7
4 verbose readDependencies loading dependencies from /home/maik/Gits/tutor-meta/tutor-student/package.json
5 verbose install where, deps [ '/home/maik/Gits/tutor-meta/tutor-student',
5 verbose install   [ '@more-markdown/code-controls',
5 verbose install     '@more-markdown/dot-processor',
5 verbose install     '@more-markdown/mathjax-processor',
5 verbose install     '@more-markdown/test-processor',
5 verbose install     '@more-markdown/tree-processor',
5 verbose install     '@tutor/browser-debug-js',
5 verbose install     '@tutor/exercise-editor',
5 verbose install     '@tutor/exercise-list',
5 verbose install     '@tutor/graph-test-suite',
5 verbose install     '@tutor/jailed-sandbox',
5 verbose install     '@tutor/javascript-editor-errors',
5 verbose install     '@tutor/javascript-sandbox',
5 verbose install     '@tutor/login-form',
5 verbose install     '@tutor/markdown-editor',
5 verbose install     '@tutor/markdown2html',
5 verbose install     '@tutor/rethinkdb-database',
5 verbose install     '@tutor/saml',
5 verbose install     '@tutor/server',
5 verbose install     '@tutor/share-ace-rethinkdb',
5 verbose install     '@tutor/test-suite',
5 verbose install     'bunyan',
5 verbose install     'cson',
5 verbose install     'event-emitter',
5 verbose install     'express',
5 verbose install     'express-ws',
5 verbose install     'i18next-ko',
5 verbose install     'js-md5',
5 verbose install     'knockout',
5 verbose install     'knockout-mapping',
5 verbose install     'lodash',
5 verbose install     'moment',
5 verbose install     'more-markdown',
5 verbose install     'morgan',
5 verbose install     'q',
5 verbose install     'tutor-pseudonyms',
5 verbose install     '@tutor/dummy-auth',
5 verbose install     '@tutor/memory-database',
5 verbose install     'ascii2mathml',
5 verbose install     'async',
5 verbose install     'babelify',
5 verbose install     'brace',
5 verbose install     'brfs',
5 verbose install     'browserify',
5 verbose install     'browserify-shim',
5 verbose install     'chai',
5 verbose install     'coffeeify',
5 verbose install     'd3',
5 verbose install     'dagre-d3',
5 verbose install     'esprima',
5 verbose install     'graphlib-dot',
5 verbose install     'gulp',
5 verbose install     'gulp-coffee',
5 verbose install     'gulp-concat',
5 verbose install     'gulp-less',
5 verbose install     'gulp-minify-css',
5 verbose install     'gulp-plumber',
5 verbose install     'gulp-rename',
5 verbose install     'gulp-util',
5 verbose install     'gulp-watch',
5 verbose install     'markdown-it',
5 verbose install     'markdown-it-math',
5 verbose install     'mocha',
5 verbose install     'request',
5 verbose install     'vinyl-source-stream',
5 verbose install     'vinyl-transform',
5 verbose install     'watchify' ] ]
6 verbose install where, peers [ '/home/maik/Gits/tutor-meta/tutor-student', [] ]
7 verbose installManyTop reading for lifecycle /home/maik/Gits/tutor-meta/tutor-student/package.json
8 info preinstall @tutor/student@0.2.0
9 verbose installManyTop reading scoped package data from /home/maik/Gits/tutor-meta/tutor-student/node_modules/ascii2mathml/package.json
10 verbose installManyTop reading scoped package data from /home/maik/Gits/tutor-meta/tutor-student/node_modules/async/package.json
11 verbose installManyTop reading scoped package data from /home/maik/Gits/tutor-meta/tutor-student/node_modules/babelify/package.json
12 verbose installManyTop reading scoped package data from /home/maik/Gits/tutor-meta/tutor-student/node_modules/brace/package.json
13 verbose installManyTop reading scoped package data from /home/maik/Gits/tutor-meta/tutor-student/node_modules/brfs/package.json
14 verbose installManyTop reading scoped package data from /home/maik/Gits/tutor-meta/tutor-student/node_modules/browserify/package.json
15 verbose installManyTop reading scoped package data from /home/maik/Gits/tutor-meta/tutor-student/node_modules/browserify-shim/package.json
16 verbose installManyTop reading scoped package data from /home/maik/Gits/tutor-meta/tutor-student/node_modules/bunyan/package.json
17 verbose installManyTop reading scoped package data from /home/maik/Gits/tutor-meta/tutor-student/node_modules/chai/package.json
18 verbose installManyTop reading scoped package data from /home/maik/Gits/tutor-meta/tutor-student/node_modules/coffeeify/package.json
19 verbose installManyTop reading scoped package data from /home/maik/Gits/tutor-meta/tutor-student/node_modules/cson/package.json
20 verbose installManyTop reading scoped package data from /home/maik/Gits/tutor-meta/tutor-student/node_modules/d3/package.json
21 verbose installManyTop reading scoped package data from /home/maik/Gits/tutor-meta/tutor-student/node_modules/dagre-d3/package.json
22 verbose installManyTop reading scoped package data from /home/maik/Gits/tutor-meta/tutor-student/node_modules/esprima/package.json
23 verbose installManyTop reading scoped package data from /home/maik/Gits/tutor-meta/tutor-student/node_modules/event-emitter/package.json
24 verbose installManyTop reading scoped package data from /home/maik/Gits/tutor-meta/tutor-student/node_modules/express/package.json
25 verbose installManyTop reading scoped package data from /home/maik/Gits/tutor-meta/tutor-student/node_modules/express-ws/package.json
26 verbose installManyTop reading scoped package data from /home/maik/Gits/tutor-meta/tutor-student/node_modules/graphlib-dot/package.json
27 verbose installManyTop reading scoped package data from /home/maik/Gits/tutor-meta/tutor-student/node_modules/gulp/package.json
28 verbose installManyTop reading scoped package data from /home/maik/Gits/tutor-meta/tutor-student/node_modules/gulp-coffee/package.json
29 verbose installManyTop reading scoped package data from /home/maik/Gits/tutor-meta/tutor-student/node_modules/gulp-concat/package.json
30 verbose installManyTop reading scoped package data from /home/maik/Gits/tutor-meta/tutor-student/node_modules/gulp-less/package.json
31 verbose installManyTop reading scoped package data from /home/maik/Gits/tutor-meta/tutor-student/node_modules/gulp-minify-css/package.json
32 verbose installManyTop reading scoped package data from /home/maik/Gits/tutor-meta/tutor-student/node_modules/gulp-plumber/package.json
33 verbose installManyTop reading scoped package data from /home/maik/Gits/tutor-meta/tutor-student/node_modules/gulp-rename/package.json
34 verbose installManyTop reading scoped package data from /home/maik/Gits/tutor-meta/tutor-student/node_modules/gulp-util/package.json
35 verbose installManyTop reading scoped package data from /home/maik/Gits/tutor-meta/tutor-student/node_modules/gulp-watch/package.json
36 verbose installManyTop reading scoped package data from /home/maik/Gits/tutor-meta/tutor-student/node_modules/i18next-ko/package.json
37 verbose installManyTop reading scoped package data from /home/maik/Gits/tutor-meta/tutor-student/node_modules/js-md5/package.json
38 verbose installManyTop reading scoped package data from /home/maik/Gits/tutor-meta/tutor-student/node_modules/knockout/package.json
39 verbose installManyTop reading scoped package data from /home/maik/Gits/tutor-meta/tutor-student/node_modules/knockout-mapping/package.json
40 verbose installManyTop reading scoped package data from /home/maik/Gits/tutor-meta/tutor-student/node_modules/lodash/package.json
41 verbose installManyTop reading scoped package data from /home/maik/Gits/tutor-meta/tutor-student/node_modules/markdown-it/package.json
42 verbose installManyTop reading scoped package data from /home/maik/Gits/tutor-meta/tutor-student/node_modules/markdown-it-math/package.json
43 verbose installManyTop reading scoped package data from /home/maik/Gits/tutor-meta/tutor-student/node_modules/mocha/package.json
44 verbose installManyTop reading scoped package data from /home/maik/Gits/tutor-meta/tutor-student/node_modules/moment/package.json
45 verbose installManyTop reading scoped package data from /home/maik/Gits/tutor-meta/tutor-student/node_modules/more-markdown/package.json
46 verbose installManyTop reading scoped package data from /home/maik/Gits/tutor-meta/tutor-student/node_modules/morgan/package.json
47 verbose installManyTop reading scoped package data from /home/maik/Gits/tutor-meta/tutor-student/node_modules/q/package.json
48 verbose installManyTop reading scoped package data from /home/maik/Gits/tutor-meta/tutor-student/node_modules/request/package.json
49 verbose installManyTop reading scoped package data from /home/maik/Gits/tutor-meta/tutor-student/node_modules/tutor-pseudonyms/package.json
50 verbose installManyTop reading scoped package data from /home/maik/Gits/tutor-meta/tutor-student/node_modules/vinyl-source-stream/package.json
51 verbose installManyTop reading scoped package data from /home/maik/Gits/tutor-meta/tutor-student/node_modules/vinyl-transform/package.json
52 verbose installManyTop reading scoped package data from /home/maik/Gits/tutor-meta/tutor-student/node_modules/watchify/package.json
53 verbose installManyTop reading scoped package data from /home/maik/Gits/tutor-meta/tutor-student/node_modules/@more-markdown/code-controls/package.json
54 verbose installManyTop reading scoped package data from /home/maik/Gits/tutor-meta/tutor-student/node_modules/@more-markdown/dot-processor/package.json
55 verbose installManyTop reading scoped package data from /home/maik/Gits/tutor-meta/tutor-student/node_modules/@more-markdown/mathjax-processor/package.json
56 verbose installManyTop reading scoped package data from /home/maik/Gits/tutor-meta/tutor-student/node_modules/@more-markdown/test-processor/package.json
57 verbose installManyTop reading scoped package data from /home/maik/Gits/tutor-meta/tutor-student/node_modules/@more-markdown/tree-processor/package.json
58 verbose installManyTop reading scoped package data from /home/maik/Gits/tutor-meta/tutor-student/node_modules/@tutor/browser-debug-js/package.json
59 verbose installManyTop reading scoped package data from /home/maik/Gits/tutor-meta/tutor-student/node_modules/@tutor/dummy-auth/package.json
60 verbose installManyTop reading scoped package data from /home/maik/Gits/tutor-meta/tutor-student/node_modules/@tutor/exercise-editor/package.json
61 verbose installManyTop reading scoped package data from /home/maik/Gits/tutor-meta/tutor-student/node_modules/@tutor/exercise-list/package.json
62 verbose installManyTop reading scoped package data from /home/maik/Gits/tutor-meta/tutor-student/node_modules/@tutor/graph-test-suite/package.json
63 verbose installManyTop reading scoped package data from /home/maik/Gits/tutor-meta/tutor-student/node_modules/@tutor/jailed-sandbox/package.json
64 verbose installManyTop reading scoped package data from /home/maik/Gits/tutor-meta/tutor-student/node_modules/@tutor/javascript-editor-errors/package.json
65 verbose installManyTop reading scoped package data from /home/maik/Gits/tutor-meta/tutor-student/node_modules/@tutor/javascript-sandbox/package.json
66 verbose installManyTop reading scoped package data from /home/maik/Gits/tutor-meta/tutor-student/node_modules/@tutor/login-form/package.json
67 verbose installManyTop reading scoped package data from /home/maik/Gits/tutor-meta/tutor-student/node_modules/@tutor/markdown-editor/package.json
68 verbose installManyTop reading scoped package data from /home/maik/Gits/tutor-meta/tutor-student/node_modules/@tutor/markdown2html/package.json
69 verbose installManyTop reading scoped package data from /home/maik/Gits/tutor-meta/tutor-student/node_modules/@tutor/memory-database/package.json
70 verbose installManyTop reading scoped package data from /home/maik/Gits/tutor-meta/tutor-student/node_modules/@tutor/rethinkdb-database/package.json
71 verbose installManyTop reading scoped package data from /home/maik/Gits/tutor-meta/tutor-student/node_modules/@tutor/saml/package.json
72 verbose installManyTop reading scoped package data from /home/maik/Gits/tutor-meta/tutor-student/node_modules/@tutor/server/package.json
73 verbose installManyTop reading scoped package data from /home/maik/Gits/tutor-meta/tutor-student/node_modules/@tutor/share-ace-rethinkdb/package.json
74 verbose installManyTop reading scoped package data from /home/maik/Gits/tutor-meta/tutor-student/node_modules/@tutor/test-suite/package.json
75 info package.json gulp-coffee@2.3.1 No license field.
76 info package.json gulp-rename@1.2.2 No license field.
77 info package.json q@1.4.1 license should be a valid SPDX license expression
78 info package.json @tutor/rethinkdb-database@0.5.6 No README data
79 verbose readDependencies loading dependencies from /home/maik/Gits/tutor-meta/tutor-student/package.json
80 verbose targetResolver reading package data from /home/maik/Gits/tutor-meta/tutor-student/node_modules/ascii2mathml/package.json
81 verbose targetResolver reading package data from /home/maik/Gits/tutor-meta/tutor-student/node_modules/async/package.json
82 verbose targetResolver reading package data from /home/maik/Gits/tutor-meta/tutor-student/node_modules/babelify/package.json
83 verbose targetResolver reading package data from /home/maik/Gits/tutor-meta/tutor-student/node_modules/brace/package.json
84 verbose targetResolver reading package data from /home/maik/Gits/tutor-meta/tutor-student/node_modules/brfs/package.json
85 verbose targetResolver reading package data from /home/maik/Gits/tutor-meta/tutor-student/node_modules/browserify/package.json
86 verbose targetResolver reading package data from /home/maik/Gits/tutor-meta/tutor-student/node_modules/browserify-shim/package.json
87 verbose targetResolver reading package data from /home/maik/Gits/tutor-meta/tutor-student/node_modules/bunyan/package.json
88 verbose targetResolver reading package data from /home/maik/Gits/tutor-meta/tutor-student/node_modules/chai/package.json
89 verbose targetResolver reading package data from /home/maik/Gits/tutor-meta/tutor-student/node_modules/coffeeify/package.json
90 verbose targetResolver reading package data from /home/maik/Gits/tutor-meta/tutor-student/node_modules/cson/package.json
91 verbose targetResolver reading package data from /home/maik/Gits/tutor-meta/tutor-student/node_modules/d3/package.json
92 verbose targetResolver reading package data from /home/maik/Gits/tutor-meta/tutor-student/node_modules/dagre-d3/package.json
93 verbose targetResolver reading package data from /home/maik/Gits/tutor-meta/tutor-student/node_modules/esprima/package.json
94 verbose targetResolver reading package data from /home/maik/Gits/tutor-meta/tutor-student/node_modules/event-emitter/package.json
95 verbose targetResolver reading package data from /home/maik/Gits/tutor-meta/tutor-student/node_modules/express/package.json
96 verbose targetResolver reading package data from /home/maik/Gits/tutor-meta/tutor-student/node_modules/express-ws/package.json
97 verbose targetResolver reading package data from /home/maik/Gits/tutor-meta/tutor-student/node_modules/graphlib-dot/package.json
98 verbose targetResolver reading package data from /home/maik/Gits/tutor-meta/tutor-student/node_modules/gulp/package.json
99 verbose targetResolver reading package data from /home/maik/Gits/tutor-meta/tutor-student/node_modules/gulp-coffee/package.json
100 verbose targetResolver reading package data from /home/maik/Gits/tutor-meta/tutor-student/node_modules/gulp-concat/package.json
101 verbose targetResolver reading package data from /home/maik/Gits/tutor-meta/tutor-student/node_modules/gulp-less/package.json
102 verbose targetResolver reading package data from /home/maik/Gits/tutor-meta/tutor-student/node_modules/gulp-minify-css/package.json
103 verbose targetResolver reading package data from /home/maik/Gits/tutor-meta/tutor-student/node_modules/gulp-plumber/package.json
104 verbose targetResolver reading package data from /home/maik/Gits/tutor-meta/tutor-student/node_modules/gulp-rename/package.json
105 verbose targetResolver reading package data from /home/maik/Gits/tutor-meta/tutor-student/node_modules/gulp-util/package.json
106 verbose targetResolver reading package data from /home/maik/Gits/tutor-meta/tutor-student/node_modules/gulp-watch/package.json
107 verbose targetResolver reading package data from /home/maik/Gits/tutor-meta/tutor-student/node_modules/i18next-ko/package.json
108 verbose targetResolver reading package data from /home/maik/Gits/tutor-meta/tutor-student/node_modules/js-md5/package.json
109 verbose targetResolver reading package data from /home/maik/Gits/tutor-meta/tutor-student/node_modules/knockout/package.json
110 verbose targetResolver reading package data from /home/maik/Gits/tutor-meta/tutor-student/node_modules/knockout-mapping/package.json
111 verbose targetResolver reading package data from /home/maik/Gits/tutor-meta/tutor-student/node_modules/lodash/package.json
112 verbose targetResolver reading package data from /home/maik/Gits/tutor-meta/tutor-student/node_modules/markdown-it/package.json
113 verbose targetResolver reading package data from /home/maik/Gits/tutor-meta/tutor-student/node_modules/markdown-it-math/package.json
114 verbose targetResolver reading package data from /home/maik/Gits/tutor-meta/tutor-student/node_modules/mocha/package.json
115 verbose targetResolver reading package data from /home/maik/Gits/tutor-meta/tutor-student/node_modules/moment/package.json
116 verbose targetResolver reading package data from /home/maik/Gits/tutor-meta/tutor-student/node_modules/more-markdown/package.json
117 verbose targetResolver reading package data from /home/maik/Gits/tutor-meta/tutor-student/node_modules/morgan/package.json
118 verbose targetResolver reading package data from /home/maik/Gits/tutor-meta/tutor-student/node_modules/q/package.json
119 verbose targetResolver reading package data from /home/maik/Gits/tutor-meta/tutor-student/node_modules/request/package.json
120 verbose targetResolver reading package data from /home/maik/Gits/tutor-meta/tutor-student/node_modules/tutor-pseudonyms/package.json
121 verbose targetResolver reading package data from /home/maik/Gits/tutor-meta/tutor-student/node_modules/vinyl-source-stream/package.json
122 verbose targetResolver reading package data from /home/maik/Gits/tutor-meta/tutor-student/node_modules/vinyl-transform/package.json
123 verbose targetResolver reading package data from /home/maik/Gits/tutor-meta/tutor-student/node_modules/watchify/package.json
124 verbose targetResolver reading package data from /home/maik/Gits/tutor-meta/tutor-student/node_modules/.bin/ascii2mathml/package.json
125 verbose targetResolver reading package data from /home/maik/Gits/tutor-meta/tutor-student/node_modules/.bin/brfs/package.json
126 verbose targetResolver reading package data from /home/maik/Gits/tutor-meta/tutor-student/node_modules/.bin/browserify/package.json
127 verbose targetResolver reading package data from /home/maik/Gits/tutor-meta/tutor-student/node_modules/.bin/bunyan/package.json
128 verbose targetResolver reading package data from /home/maik/Gits/tutor-meta/tutor-student/node_modules/.bin/cson2json/package.json
129 verbose targetResolver reading package data from /home/maik/Gits/tutor-meta/tutor-student/node_modules/.bin/esparse/package.json
130 verbose targetResolver reading package data from /home/maik/Gits/tutor-meta/tutor-student/node_modules/.bin/esvalidate/package.json
131 verbose targetResolver reading package data from /home/maik/Gits/tutor-meta/tutor-student/node_modules/.bin/gulp/package.json
132 verbose targetResolver reading package data from /home/maik/Gits/tutor-meta/tutor-student/node_modules/.bin/json2cson/package.json
133 verbose targetResolver reading package data from /home/maik/Gits/tutor-meta/tutor-student/node_modules/.bin/markdown-it/package.json
134 verbose targetResolver reading package data from /home/maik/Gits/tutor-meta/tutor-student/node_modules/.bin/mocha/package.json
135 verbose targetResolver reading package data from /home/maik/Gits/tutor-meta/tutor-student/node_modules/.bin/watchify/package.json
136 verbose targetResolver reading package data from /home/maik/Gits/tutor-meta/tutor-student/node_modules/@more-markdown/code-controls/package.json
137 verbose targetResolver reading package data from /home/maik/Gits/tutor-meta/tutor-student/node_modules/@more-markdown/dot-processor/package.json
138 verbose targetResolver reading package data from /home/maik/Gits/tutor-meta/tutor-student/node_modules/@more-markdown/mathjax-processor/package.json
139 verbose targetResolver reading package data from /home/maik/Gits/tutor-meta/tutor-student/node_modules/@more-markdown/test-processor/package.json
140 verbose targetResolver reading package data from /home/maik/Gits/tutor-meta/tutor-student/node_modules/@more-markdown/tree-processor/package.json
141 verbose targetResolver reading package data from /home/maik/Gits/tutor-meta/tutor-student/node_modules/@tutor/browser-debug-js/package.json
142 verbose targetResolver reading package data from /home/maik/Gits/tutor-meta/tutor-student/node_modules/@tutor/dummy-auth/package.json
143 verbose targetResolver reading package data from /home/maik/Gits/tutor-meta/tutor-student/node_modules/@tutor/exercise-editor/package.json
144 verbose targetResolver reading package data from /home/maik/Gits/tutor-meta/tutor-student/node_modules/@tutor/exercise-list/package.json
145 verbose targetResolver reading package data from /home/maik/Gits/tutor-meta/tutor-student/node_modules/@tutor/graph-test-suite/package.json
146 verbose targetResolver reading package data from /home/maik/Gits/tutor-meta/tutor-student/node_modules/@tutor/jailed-sandbox/package.json
147 verbose targetResolver reading package data from /home/maik/Gits/tutor-meta/tutor-student/node_modules/@tutor/javascript-editor-errors/package.json
148 verbose targetResolver reading package data from /home/maik/Gits/tutor-meta/tutor-student/node_modules/@tutor/javascript-sandbox/package.json
149 verbose targetResolver reading package data from /home/maik/Gits/tutor-meta/tutor-student/node_modules/@tutor/login-form/package.json
150 verbose targetResolver reading package data from /home/maik/Gits/tutor-meta/tutor-student/node_modules/@tutor/markdown-editor/package.json
151 verbose targetResolver reading package data from /home/maik/Gits/tutor-meta/tutor-student/node_modules/@tutor/markdown2html/package.json
152 verbose targetResolver reading package data from /home/maik/Gits/tutor-meta/tutor-student/node_modules/@tutor/memory-database/package.json
153 verbose targetResolver reading package data from /home/maik/Gits/tutor-meta/tutor-student/node_modules/@tutor/rethinkdb-database/package.json
154 verbose targetResolver reading package data from /home/maik/Gits/tutor-meta/tutor-student/node_modules/@tutor/saml/package.json
155 verbose targetResolver reading package data from /home/maik/Gits/tutor-meta/tutor-student/node_modules/@tutor/server/package.json
156 verbose targetResolver reading package data from /home/maik/Gits/tutor-meta/tutor-student/node_modules/@tutor/share-ace-rethinkdb/package.json
157 verbose targetResolver reading package data from /home/maik/Gits/tutor-meta/tutor-student/node_modules/@tutor/test-suite/package.json
158 verbose already installed skipping d3@^3.5.6 /home/maik/Gits/tutor-meta/tutor-student
159 verbose already installed skipping dagre-d3@^0.4.10 /home/maik/Gits/tutor-meta/tutor-student
160 verbose already installed skipping esprima@^2.6.0 /home/maik/Gits/tutor-meta/tutor-student
161 verbose already installed skipping graphlib-dot@^0.6.2 /home/maik/Gits/tutor-meta/tutor-student
162 verbose already installed skipping gulp@^3.9.0 /home/maik/Gits/tutor-meta/tutor-student
163 verbose already installed skipping gulp-coffee@^2.3.1 /home/maik/Gits/tutor-meta/tutor-student
164 verbose already installed skipping gulp-concat@^2.6.0 /home/maik/Gits/tutor-meta/tutor-student
165 verbose already installed skipping gulp-less@^3.0.3 /home/maik/Gits/tutor-meta/tutor-student
166 verbose already installed skipping gulp-minify-css@^1.2.0 /home/maik/Gits/tutor-meta/tutor-student
167 verbose already installed skipping gulp-plumber@^1.0.1 /home/maik/Gits/tutor-meta/tutor-student
168 verbose already installed skipping gulp-rename@^1.2.2 /home/maik/Gits/tutor-meta/tutor-student
169 verbose already installed skipping gulp-util@^3.0.6 /home/maik/Gits/tutor-meta/tutor-student
170 verbose already installed skipping gulp-watch@^4.3.3 /home/maik/Gits/tutor-meta/tutor-student
171 verbose already installed skipping markdown-it@^4.4.0 /home/maik/Gits/tutor-meta/tutor-student
172 verbose already installed skipping markdown-it-math@^3.0.1 /home/maik/Gits/tutor-meta/tutor-student
173 verbose already installed skipping mocha@^2.3.0 /home/maik/Gits/tutor-meta/tutor-student
174 verbose already installed skipping request@^2.61.0 /home/maik/Gits/tutor-meta/tutor-student
175 verbose already installed skipping vinyl-source-stream@^1.1.0 /home/maik/Gits/tutor-meta/tutor-student
176 verbose already installed skipping vinyl-transform@^1.0.0 /home/maik/Gits/tutor-meta/tutor-student
177 verbose already installed skipping watchify@^3.4.0 /home/maik/Gits/tutor-meta/tutor-student
178 verbose already installed skipping @more-markdown/code-controls@^0.1.2 /home/maik/Gits/tutor-meta/tutor-student
179 verbose already installed skipping @more-markdown/dot-processor@^0.1.2 /home/maik/Gits/tutor-meta/tutor-student
180 verbose already installed skipping @more-markdown/mathjax-processor@^0.1.2 /home/maik/Gits/tutor-meta/tutor-student
181 verbose already installed skipping @more-markdown/test-processor@^0.1.4 /home/maik/Gits/tutor-meta/tutor-student
182 verbose already installed skipping @more-markdown/tree-processor@^0.0.1 /home/maik/Gits/tutor-meta/tutor-student
183 verbose already installed skipping @tutor/browser-debug-js@^0.1.0 /home/maik/Gits/tutor-meta/tutor-student
184 verbose already installed skipping @tutor/exercise-editor@^0.1.3 /home/maik/Gits/tutor-meta/tutor-student
185 verbose already installed skipping @tutor/exercise-list@^0.1.2 /home/maik/Gits/tutor-meta/tutor-student
186 verbose already installed skipping @tutor/graph-test-suite@^0.2.1 /home/maik/Gits/tutor-meta/tutor-student
187 verbose already installed skipping @tutor/jailed-sandbox@^0.2.0 /home/maik/Gits/tutor-meta/tutor-student
188 verbose already installed skipping @tutor/javascript-editor-errors@^0.1.3 /home/maik/Gits/tutor-meta/tutor-student
189 verbose already installed skipping @tutor/javascript-sandbox@^0.2.1 /home/maik/Gits/tutor-meta/tutor-student
190 verbose already installed skipping @tutor/login-form@^0.1.1 /home/maik/Gits/tutor-meta/tutor-student
191 verbose already installed skipping @tutor/markdown-editor@^0.1.4 /home/maik/Gits/tutor-meta/tutor-student
192 verbose already installed skipping @tutor/markdown2html@^0.1.2 /home/maik/Gits/tutor-meta/tutor-student
193 verbose already installed skipping @tutor/rethinkdb-database@^0.5.0 /home/maik/Gits/tutor-meta/tutor-student
194 verbose already installed skipping @tutor/saml@^0.3.0 /home/maik/Gits/tutor-meta/tutor-student
195 verbose already installed skipping @tutor/server@^0.2.7 /home/maik/Gits/tutor-meta/tutor-student
196 verbose already installed skipping @tutor/share-ace-rethinkdb@^0.4.0 /home/maik/Gits/tutor-meta/tutor-student
197 verbose already installed skipping @tutor/test-suite@^0.2.2 /home/maik/Gits/tutor-meta/tutor-student
198 verbose already installed skipping bunyan@^1.5.1 /home/maik/Gits/tutor-meta/tutor-student
199 verbose already installed skipping cson@^3.0.1 /home/maik/Gits/tutor-meta/tutor-student
200 silly cache add args [ 'event-emitter@lemaik/event-emitter@1.0.1', null ]
201 verbose cache add spec event-emitter@lemaik/event-emitter@1.0.1
202 verbose already installed skipping express@^4.13.3 /home/maik/Gits/tutor-meta/tutor-student
203 verbose already installed skipping express-ws@^0.2.6 /home/maik/Gits/tutor-meta/tutor-student
204 verbose already installed skipping i18next-ko@^1.3.2 /home/maik/Gits/tutor-meta/tutor-student
205 silly cache add parsed spec { raw: 'event-emitter@lemaik/event-emitter@1.0.1',
205 silly cache add   scope: null,
205 silly cache add   name: 'event-emitter',
205 silly cache add   rawSpec: 'lemaik/event-emitter@1.0.1',
205 silly cache add   spec: '/home/maik/Gits/tutor-meta/tutor-student/lemaik/event-emitter@1.0.1',
205 silly cache add   type: 'local' }
206 verbose already installed skipping js-md5@^0.3.0 /home/maik/Gits/tutor-meta/tutor-student
207 verbose already installed skipping knockout@^3.3.0 /home/maik/Gits/tutor-meta/tutor-student
208 verbose already installed skipping knockout-mapping@^2.5.0 /home/maik/Gits/tutor-meta/tutor-student
209 error addLocal Could not install /home/maik/Gits/tutor-meta/tutor-student/lemaik/event-emitter@1.0.1
210 verbose already installed skipping lodash@^3.10.1 /home/maik/Gits/tutor-meta/tutor-student
211 verbose already installed skipping moment@^2.10.6 /home/maik/Gits/tutor-meta/tutor-student
212 verbose already installed skipping more-markdown@^0.1.4 /home/maik/Gits/tutor-meta/tutor-student
213 verbose already installed skipping morgan@^1.6.1 /home/maik/Gits/tutor-meta/tutor-student
214 verbose already installed skipping q@^1.4.1 /home/maik/Gits/tutor-meta/tutor-student
215 silly cache add args [ 'tutor-pseudonyms@github:welfenlab/tutor-pseudonyms', null ]
216 verbose cache add spec tutor-pseudonyms@github:welfenlab/tutor-pseudonyms
217 verbose already installed skipping @tutor/dummy-auth@^0.1.6 /home/maik/Gits/tutor-meta/tutor-student
218 verbose already installed skipping @tutor/memory-database@0.6.7 /home/maik/Gits/tutor-meta/tutor-student
219 verbose already installed skipping ascii2mathml@^0.5.3 /home/maik/Gits/tutor-meta/tutor-student
220 verbose already installed skipping async@^1.4.2 /home/maik/Gits/tutor-meta/tutor-student
221 verbose already installed skipping babelify@^6.3.0 /home/maik/Gits/tutor-meta/tutor-student
222 verbose already installed skipping brace@^0.5.1 /home/maik/Gits/tutor-meta/tutor-student
223 verbose already installed skipping brfs@^1.4.0 /home/maik/Gits/tutor-meta/tutor-student
224 verbose already installed skipping browserify@^11.0.1 /home/maik/Gits/tutor-meta/tutor-student
225 verbose already installed skipping browserify-shim@^3.8.10 /home/maik/Gits/tutor-meta/tutor-student
226 verbose already installed skipping chai@^3.2.0 /home/maik/Gits/tutor-meta/tutor-student
227 verbose already installed skipping coffeeify@^1.1.0 /home/maik/Gits/tutor-meta/tutor-student
228 silly cache add parsed spec { raw: 'tutor-pseudonyms@github:welfenlab/tutor-pseudonyms',
228 silly cache add   scope: null,
228 silly cache add   name: 'tutor-pseudonyms',
228 silly cache add   rawSpec: 'github:welfenlab/tutor-pseudonyms',
228 silly cache add   spec: 'github:welfenlab/tutor-pseudonyms',
228 silly cache add   type: 'hosted',
228 silly cache add   hosted:
228 silly cache add    { type: 'github',
228 silly cache add      ssh: 'git@github.com:welfenlab/tutor-pseudonyms.git',
228 silly cache add      sshUrl: 'git+ssh://git@github.com/welfenlab/tutor-pseudonyms.git',
228 silly cache add      httpsUrl: 'git+https://github.com/welfenlab/tutor-pseudonyms.git',
228 silly cache add      gitUrl: 'git://github.com/welfenlab/tutor-pseudonyms.git',
228 silly cache add      shortcut: 'github:welfenlab/tutor-pseudonyms',
228 silly cache add      directUrl: 'https://raw.githubusercontent.com/welfenlab/tutor-pseudonyms/master/package.json' } }
229 verbose addRemoteGit caching github:welfenlab/tutor-pseudonyms
230 verbose addRemoteGit welfenlab/tutor-pseudonyms is a repository hosted by github
231 silly tryGitProto attempting to clone git://github.com/welfenlab/tutor-pseudonyms.git
232 silly tryClone cloning welfenlab/tutor-pseudonyms via git://github.com/welfenlab/tutor-pseudonyms.git
233 verbose tryClone git-github-com-welfenlab-tutor-pseudonyms-git-ca15e732 not in flight; caching
234 info git [ 'config', '--get', 'remote.origin.url' ]
235 silly validateExistingRemote welfenlab/tutor-pseudonyms remote.origin.url: git://github.com/welfenlab/tutor-pseudonyms.git
236 verbose validateExistingRemote welfenlab/tutor-pseudonyms is updating existing cached remote /home/maik/.npm/_git-remotes/git-github-com-welfenlab-tutor-pseudonyms-git-ca15e732
237 info git [ 'fetch', '-a', 'origin' ]
238 verbose updateRemote git fetch -a origin (git://github.com/welfenlab/tutor-pseudonyms.git)
239 verbose setPermissions welfenlab/tutor-pseudonyms set permissions on /home/maik/.npm/_git-remotes/git-github-com-welfenlab-tutor-pseudonyms-git-ca15e732
240 verbose resolveHead welfenlab/tutor-pseudonyms original treeish: master
241 info git [ 'rev-list', '-n1', 'master' ]
242 silly resolveHead welfenlab/tutor-pseudonyms resolved treeish: 0083d6338041476ac9b7abe30e17eb5e6a784dda
243 verbose resolveHead welfenlab/tutor-pseudonyms resolved Git URL: git://github.com/welfenlab/tutor-pseudonyms.git#0083d6338041476ac9b7abe30e17eb5e6a784dda
244 silly resolveHead Git working directory: /tmp/npm-29897-b22a11b0/git-cache-1a2a674c7a42/0083d6338041476ac9b7abe30e17eb5e6a784dda
245 info git [ 'clone',
245 info git   '/home/maik/.npm/_git-remotes/git-github-com-welfenlab-tutor-pseudonyms-git-ca15e732',
245 info git   '/tmp/npm-29897-b22a11b0/git-cache-1a2a674c7a42/0083d6338041476ac9b7abe30e17eb5e6a784dda' ]
246 verbose cloneResolved welfenlab/tutor-pseudonyms clone Nach »/tmp/npm-29897-b22a11b0/git-cache-1a2a674c7a42/0083d6338041476ac9b7abe30e17eb5e6a784dda« wird geklont
246 verbose cloneResolved Fertig.
247 info git [ 'checkout', '0083d6338041476ac9b7abe30e17eb5e6a784dda' ]
248 verbose checkoutTreeish welfenlab/tutor-pseudonyms checkout Note: checking out '0083d6338041476ac9b7abe30e17eb5e6a784dda'.
248 verbose checkoutTreeish
248 verbose checkoutTreeish You are in 'detached HEAD' state. You can look around, make experimental
248 verbose checkoutTreeish changes and commit them, and you can discard any commits you make in this
248 verbose checkoutTreeish state without impacting any branches by performing another checkout.
248 verbose checkoutTreeish
248 verbose checkoutTreeish If you want to create a new branch to retain commits you create, you may
248 verbose checkoutTreeish do so (now or later) by using -b with the checkout command again. Example:
248 verbose checkoutTreeish
248 verbose checkoutTreeish   git checkout -b new_branch_name
248 verbose checkoutTreeish
248 verbose checkoutTreeish HEAD ist jetzt bei 0083d63... (chore) Bump version.
249 verbose addLocalDirectory /home/maik/.npm/tutor-pseudonyms/1.2.0/package.tgz not in flight; packing
250 verbose tar pack [ '/home/maik/.npm/tutor-pseudonyms/1.2.0/package.tgz',
250 verbose tar pack   '/tmp/npm-29897-b22a11b0/git-cache-1a2a674c7a42/0083d6338041476ac9b7abe30e17eb5e6a784dda' ]
251 verbose tarball /home/maik/.npm/tutor-pseudonyms/1.2.0/package.tgz
252 verbose folder /tmp/npm-29897-b22a11b0/git-cache-1a2a674c7a42/0083d6338041476ac9b7abe30e17eb5e6a784dda
253 verbose addLocalTarball adding from inside cache /home/maik/.npm/tutor-pseudonyms/1.2.0/package.tgz
254 verbose addRemoteGit data._from: welfenlab/tutor-pseudonyms
255 verbose addRemoteGit data._resolved: git://github.com/welfenlab/tutor-pseudonyms.git#0083d6338041476ac9b7abe30e17eb5e6a784dda
256 silly cache afterAdd tutor-pseudonyms@1.2.0
257 verbose afterAdd /home/maik/.npm/tutor-pseudonyms/1.2.0/package/package.json not in flight; writing
258 verbose afterAdd /home/maik/.npm/tutor-pseudonyms/1.2.0/package/package.json written
259 verbose stack Error: ENOENT, open '/home/maik/Gits/tutor-meta/tutor-student/lemaik/event-emitter@1.0.1'
259 verbose stack     at Error (native)
260 verbose cwd /home/maik/Gits/tutor-meta/tutor-student
261 error Linux 3.16.0-50-generic
262 error argv "/home/maik/.nvm/versions/node/v0.12.7/bin/node" "/home/maik/.nvm/versions/node/v0.12.7/bin/npm" "install"
263 error node v0.12.7
264 error npm  v2.11.3
265 error path /home/maik/Gits/tutor-meta/tutor-student/lemaik/event-emitter@1.0.1
266 error code ENOENT
267 error errno -2
268 error enoent ENOENT, open '/home/maik/Gits/tutor-meta/tutor-student/lemaik/event-emitter@1.0.1'
268 error enoent This is most likely not a problem with npm itself
268 error enoent and is related to npm not being able to find a file.
269 verbose exit [ -2, true ]
